# JRE version: Java(TM) SE Runtime Environment (8.0_181-b13) (build 1.8.0_181-b13)
# Java VM: Java HotSpot(TM) 64-Bit Server VM (25.181-b13 mixed mode windows-amd64 compressed oops)
Heap:
 PSYoungGen      total 300544K, used 233111K [0x0000000715b00000, 0x0000000734a00000, 0x00000007c0000000)
  eden space 265728K, 74% used [0x0000000715b00000,0x0000000721cabc78,0x0000000725e80000)
  from space 34816K, 99% used [0x0000000725e80000,0x000000072807a168,0x0000000728080000)
  to   space 54272K, 0% used [0x0000000731500000,0x0000000731500000,0x0000000734a00000)
 ParOldGen       total 319488K, used 53128K [0x00000005c1000000, 0x00000005d4800000, 0x0000000715b00000)
  object space 319488K, 16% used [0x00000005c1000000,0x00000005c43e2198,0x00000005d4800000)
 Metaspace       used 45496K, capacity 45916K, committed 46376K, reserved 1089536K
  class space    used 6707K, capacity 6857K, committed 6960K, reserved 1048576K
GC Heap History (10 events):
Event: 2.787 GC heap before
{Heap before GC invocations=6 (full 2):
 PSYoungGen      total 217088K, used 7737K [0x0000000715b00000, 0x0000000724a80000, 0x00000007c0000000)
  eden space 195584K, 0% used [0x0000000715b00000,0x0000000715b00000,0x0000000721a00000)
  from space 21504K, 35% used [0x0000000722f00000,0x000000072368e550,0x0000000724400000)
  to   space 21504K, 0% used [0x0000000721a00000,0x0000000721a00000,0x0000000722f00000)
 ParOldGen       total 205824K, used 9421K [0x00000005c1000000, 0x00000005cd900000, 0x0000000715b00000)
  object space 205824K, 4% used [0x00000005c1000000,0x00000005c19336d0,0x00000005cd900000)
 Metaspace       used 35105K, capacity 35218K, committed 35496K, reserved 1079296K
  class space    used 5456K, capacity 5472K, committed 5552K, reserved 1048576K
Event: 2.812 GC heap after
Heap after GC invocations=6 (full 2):
 PSYoungGen      total 217088K, used 0K [0x0000000715b00000, 0x0000000724a80000, 0x00000007c0000000)
  eden space 195584K, 0% used [0x0000000715b00000,0x0000000715b00000,0x0000000721a00000)
  from space 21504K, 0% used [0x0000000722f00000,0x0000000722f00000,0x0000000724400000)
  to   space 21504K, 0% used [0x0000000721a00000,0x0000000721a00000,0x0000000722f00000)
 ParOldGen       total 319488K, used 10611K [0x00000005c1000000, 0x00000005d4800000, 0x0000000715b00000)
  object space 319488K, 3% used [0x00000005c1000000,0x00000005c1a5cfe0,0x00000005d4800000)
 Metaspace       used 35105K, capacity 35218K, committed 35496K, reserved 1079296K
  class space    used 5456K, capacity 5472K, committed 5552K, reserved 1048576K
}
Event: 2.817 GC heap before
{Heap before GC invocations=7 (full 2):
 PSYoungGen      total 217088K, used 3618K [0x0000000715b00000, 0x0000000724a80000, 0x00000007c0000000)
  eden space 195584K, 1% used [0x0000000715b00000,0x0000000715e88968,0x0000000721a00000)
  from space 21504K, 0% used [0x0000000722f00000,0x0000000722f00000,0x0000000724400000)
  to   space 21504K, 0% used [0x0000000721a00000,0x0000000721a00000,0x0000000722f00000)
 ParOldGen       total 319488K, used 10611K [0x00000005c1000000, 0x00000005d4800000, 0x0000000715b00000)
  object space 319488K, 3% used [0x00000005c1000000,0x00000005c1a5cfe0,0x00000005d4800000)
 Metaspace       used 35123K, capacity 35314K, committed 35752K, reserved 1079296K
  class space    used 5461K, capacity 5504K, committed 5552K, reserved 1048576K
Event: 2.819 GC heap after
Heap after GC invocations=7 (full 2):
 PSYoungGen      total 217088K, used 352K [0x0000000715b00000, 0x0000000729580000, 0x00000007c0000000)
  eden space 195584K, 0% used [0x0000000715b00000,0x0000000715b00000,0x0000000721a00000)
  from space 21504K, 1% used [0x0000000721a00000,0x0000000721a58000,0x0000000722f00000)
  to   space 21504K, 0% used [0x0000000728080000,0x0000000728080000,0x0000000729580000)
 ParOldGen       total 319488K, used 10611K [0x00000005c1000000, 0x00000005d4800000, 0x0000000715b00000)
  object space 319488K, 3% used [0x00000005c1000000,0x00000005c1a5cfe0,0x00000005d4800000)
 Metaspace       used 35123K, capacity 35314K, committed 35752K, reserved 1079296K
  class space    used 5461K, capacity 5504K, committed 5552K, reserved 1048576K
}
Event: 2.819 GC heap before
{Heap before GC invocations=8 (full 3):
 PSYoungGen      total 217088K, used 352K [0x0000000715b00000, 0x0000000729580000, 0x00000007c0000000)
  eden space 195584K, 0% used [0x0000000715b00000,0x0000000715b00000,0x0000000721a00000)
  from space 21504K, 1% used [0x0000000721a00000,0x0000000721a58000,0x0000000722f00000)
  to   space 21504K, 0% used [0x0000000728080000,0x0000000728080000,0x0000000729580000)
 ParOldGen       total 319488K, used 10611K [0x00000005c1000000, 0x00000005d4800000, 0x0000000715b00000)
  object space 319488K, 3% used [0x00000005c1000000,0x00000005c1a5cfe0,0x00000005d4800000)
 Metaspace       used 35123K, capacity 35314K, committed 35752K, reserved 1079296K
  class space    used 5461K, capacity 5504K, committed 5552K, reserved 1048576K
Event: 2.876 GC heap after
Heap after GC invocations=8 (full 3):
 PSYoungGen      total 217088K, used 0K [0x0000000715b00000, 0x0000000729580000, 0x00000007c0000000)
  eden space 195584K, 0% used [0x0000000715b00000,0x0000000715b00000,0x0000000721a00000)
  from space 21504K, 0% used [0x0000000721a00000,0x0000000721a00000,0x0000000722f00000)
  to   space 21504K, 0% used [0x0000000728080000,0x0000000728080000,0x0000000729580000)
 ParOldGen       total 319488K, used 5603K [0x00000005c1000000, 0x00000005d4800000, 0x0000000715b00000)
  object space 319488K, 1% used [0x00000005c1000000,0x00000005c1578c18,0x00000005d4800000)
 Metaspace       used 35123K, capacity 35314K, committed 35752K, reserved 1079296K
  class space    used 5461K, capacity 5504K, committed 5552K, reserved 1048576K
}
Event: 5.093 GC heap before
{Heap before GC invocations=9 (full 3):
 PSYoungGen      total 217088K, used 195584K [0x0000000715b00000, 0x0000000729580000, 0x00000007c0000000)
  eden space 195584K, 100% used [0x0000000715b00000,0x0000000721a00000,0x0000000721a00000)
  from space 21504K, 0% used [0x0000000721a00000,0x0000000721a00000,0x0000000722f00000)
  to   space 21504K, 0% used [0x0000000728080000,0x0000000728080000,0x0000000729580000)
 ParOldGen       total 319488K, used 5603K [0x00000005c1000000, 0x00000005d4800000, 0x0000000715b00000)
  object space 319488K, 1% used [0x00000005c1000000,0x00000005c1578c18,0x00000005d4800000)
 Metaspace       used 42451K, capacity 42810K, committed 43176K, reserved 1085440K
  class space    used 6385K, capacity 6534K, committed 6576K, reserved 1048576K
Event: 5.133 GC heap after
Heap after GC invocations=9 (full 3):
 PSYoungGen      total 287232K, used 21495K [0x0000000715b00000, 0x000000072b400000, 0x00000007c0000000)
  eden space 265728K, 0% used [0x0000000715b00000,0x0000000715b00000,0x0000000725e80000)
  from space 21504K, 99% used [0x0000000728080000,0x000000072957dfa8,0x0000000729580000)
  to   space 34816K, 0% used [0x0000000725e80000,0x0000000725e80000,0x0000000728080000)
 ParOldGen       total 319488K, used 29282K [0x00000005c1000000, 0x00000005d4800000, 0x0000000715b00000)
  object space 319488K, 9% used [0x00000005c1000000,0x00000005c2c98928,0x00000005d4800000)
 Metaspace       used 42451K, capacity 42810K, committed 43176K, reserved 1085440K
  class space    used 6385K, capacity 6534K, committed 6576K, reserved 1048576K
}
Event: 6.236 GC heap before
{Heap before GC invocations=10 (full 3):
 PSYoungGen      total 287232K, used 287223K [0x0000000715b00000, 0x000000072b400000, 0x00000007c0000000)
  eden space 265728K, 100% used [0x0000000715b00000,0x0000000725e80000,0x0000000725e80000)
  from space 21504K, 99% used [0x0000000728080000,0x000000072957dfa8,0x0000000729580000)
  to   space 34816K, 0% used [0x0000000725e80000,0x0000000725e80000,0x0000000728080000)
 ParOldGen       total 319488K, used 29282K [0x00000005c1000000, 0x00000005d4800000, 0x0000000715b00000)
  object space 319488K, 9% used [0x00000005c1000000,0x00000005c2c98928,0x00000005d4800000)
 Metaspace       used 42488K, capacity 42938K, committed 43176K, reserved 1085440K
  class space    used 6385K, capacity 6534K, committed 6576K, reserved 1048576K
Event: 6.266 GC heap after
Heap after GC invocations=10 (full 3):
 PSYoungGen      total 300544K, used 34792K [0x0000000715b00000, 0x0000000734a00000, 0x00000007c0000000)
  eden space 265728K, 0% used [0x0000000715b00000,0x0000000715b00000,0x0000000725e80000)
  from space 34816K, 99% used [0x0000000725e80000,0x000000072807a168,0x0000000728080000)
  to   space 54272K, 0% used [0x0000000731500000,0x0000000731500000,0x0000000734a00000)
 ParOldGen       total 319488K, used 53128K [0x00000005c1000000, 0x00000005d4800000, 0x0000000715b00000)
  object space 319488K, 16% used [0x00000005c1000000,0x00000005c43e2198,0x00000005d4800000)
 Metaspace       used 42488K, capacity 42938K, committed 43176K, reserved 1085440K
  class space    used 6385K, capacity 6534K, committed 6576K, reserved 1048576K
}

